Build started 10/05/2019 9:43:52 CH.
     1>Project "C:\Users\toan\documents\visual studio 2010\Projects\Assignment\Assignment\Assignment.vcxproj" on node 2 (build target(s)).
     1>InitializeBuildStatus:
         Creating "Debug\Assignment.unsuccessfulbuild" because "AlwaysCreate" was specified.
       ClCompile:
         All outputs are up-to-date.
         C:\Program Files (x86)\Microsoft Visual Studio 10.0\VC\bin\CL.exe /c /ZI /nologo /W3 /WX- /Od /Oy- /D WIN32 /D _DEBUG /D _CONSOLE /D _UNICODE /D UNICODE /Gm /EHsc /RTC1 /MDd /GS /fp:precise /Zc:wchar_t /Zc:forScope /Yu"StdAfx.h" /Fp"Debug\Assignment.pch" /Fo"Debug\\" /Fd"Debug\vc100.pdb" /Gd /TP /analyze- /errorReport:prompt Assignment.cpp
         Assignment.cpp
     1>c:\users\toan\documents\visual studio 2010\projects\assignment\assignment\assignment.cpp(3): warning C4067: unexpected tokens following preprocessor directive - expected a newline
     1>c:\users\toan\documents\visual studio 2010\projects\assignment\assignment\assignment.cpp(4): warning C4067: unexpected tokens following preprocessor directive - expected a newline
     1>c:\users\toan\documents\visual studio 2010\projects\assignment\assignment\assignment.cpp(5): warning C4067: unexpected tokens following preprocessor directive - expected a newline
     1>c:\users\toan\documents\visual studio 2010\projects\assignment\assignment\assignment.cpp(6): warning C4067: unexpected tokens following preprocessor directive - expected a newline
       ManifestResourceCompile:
         All outputs are up-to-date.
       Link:
         C:\Program Files (x86)\Microsoft Visual Studio 10.0\VC\bin\link.exe /ERRORREPORT:PROMPT /OUT:"C:\Users\toan\documents\visual studio 2010\Projects\Assignment\Debug\Assignment.exe" /INCREMENTAL /NOLOGO kernel32.lib user32.lib gdi32.lib winspool.lib comdlg32.lib advapi32.lib shell32.lib ole32.lib oleaut32.lib uuid.lib odbc32.lib odbccp32.lib /MANIFEST /ManifestFile:"Debug\Assignment.exe.intermediate.manifest" /MANIFESTUAC:"level='asInvoker' uiAccess='false'" /DEBUG /PDB:"C:\Users\toan\documents\visual studio 2010\Projects\Assignment\Debug\Assignment.pdb" /SUBSYSTEM:CONSOLE /TLBID:1 /DYNAMICBASE /NXCOMPAT /IMPLIB:"C:\Users\toan\documents\visual studio 2010\Projects\Assignment\Debug\Assignment.lib" /MACHINE:X86 Debug\Assignment.exe.embed.manifest.res
         Debug\Assignment.obj
         Debug\stdafx.obj
       Manifest:
         C:\Program Files (x86)\Microsoft SDKs\Windows\v7.0A\bin\mt.exe /nologo /verbose /out:"Debug\Assignment.exe.embed.manifest" /manifest Debug\Assignment.exe.intermediate.manifest
         All outputs are up-to-date.
       LinkEmbedManifest:
         All outputs are up-to-date.
         Assignment.vcxproj -> C:\Users\toan\documents\visual studio 2010\Projects\Assignment\Debug\Assignment.exe
       FinalizeBuildStatus:
         Deleting file "Debug\Assignment.unsuccessfulbuild".
         Touching "Debug\Assignment.lastbuildstate".
     1>Done Building Project "C:\Users\toan\documents\visual studio 2010\Projects\Assignment\Assignment\Assignment.vcxproj" (build target(s)).

Build succeeded.

Time Elapsed 00:00:01.28
